[debug] [2020-09-23T16:41:52.131Z] ----------------------------------------------------------------------
[debug] [2020-09-23T16:41:52.134Z] Command:       /usr/local/bin/node /usr/local/bin/firebase emulators:start
[debug] [2020-09-23T16:41:52.134Z] CLI Version:   8.10.0
[debug] [2020-09-23T16:41:52.135Z] Platform:      linux
[debug] [2020-09-23T16:41:52.135Z] Node Version:  v12.18.4
[debug] [2020-09-23T16:41:52.135Z] Time:          Wed Sep 23 2020 19:41:52 GMT+0300 (East Africa Time)
[debug] [2020-09-23T16:41:52.136Z] ----------------------------------------------------------------------
[debug] [2020-09-23T16:41:52.136Z] 
[debug] [2020-09-23T16:41:52.146Z] > command requires scopes: ["email","openid","https://www.googleapis.com/auth/cloudplatformprojects.readonly","https://www.googleapis.com/auth/firebase","https://www.googleapis.com/auth/cloud-platform"]
[debug] [2020-09-23T16:41:52.147Z] > authorizing via signed-in user
[info] i  emulators: Starting emulators: functions {"metadata":{"emulator":{"name":"hub"},"message":"Starting emulators: functions"}}
[debug] [2020-09-23T16:41:52.190Z] [hub] writing locator at /tmp/hub-e-commerce-26858.json
[warn] ⚠  functions: The following emulators are not running, calls to these services from the Functions emulator will affect production: firestore, database, hosting, pubsub {"metadata":{"emulator":{"name":"functions"},"message":"The following emulators are not running, calls to these services from the Functions emulator will affect production: \u001b[1mfirestore, database, hosting, pubsub\u001b[22m"}}
[warn] ⚠  Your requested "node" version "10" doesn't match your global version "12" {"metadata":{"emulator":{"name":"functions"},"message":"Your requested \"node\" version \"10\" doesn't match your global version \"12\""}}
[debug] [2020-09-23T16:41:52.245Z] defaultcredentials: writing to file /home/paulokello/.config/firebase/paulokello273_gmail_com_application_default_credentials.json
[debug] [2020-09-23T16:41:52.250Z] Setting GAC to /home/paulokello/.config/firebase/paulokello273_gmail_com_application_default_credentials.json {"metadata":{"emulator":{"name":"functions"},"message":"Setting GAC to /home/paulokello/.config/firebase/paulokello273_gmail_com_application_default_credentials.json"}}
[debug] [2020-09-23T16:41:52.307Z] Ignoring unsupported arg: auto_download {"metadata":{"emulator":{"name":"ui"},"message":"Ignoring unsupported arg: auto_download"}}
[debug] [2020-09-23T16:41:52.307Z] Ignoring unsupported arg: port {"metadata":{"emulator":{"name":"ui"},"message":"Ignoring unsupported arg: port"}}
[debug] [2020-09-23T16:41:52.308Z] Starting Emulator UI with command {"binary":"node","args":["/home/paulokello/.cache/firebase/emulators/ui-v1.1.1/server.bundle.js"],"optionalArgs":[],"joinArgs":false} {"metadata":{"emulator":{"name":"ui"},"message":"Starting Emulator UI with command {\"binary\":\"node\",\"args\":[\"/home/paulokello/.cache/firebase/emulators/ui-v1.1.1/server.bundle.js\"],\"optionalArgs\":[],\"joinArgs\":false}"}}
[info] i  ui: Emulator UI logging to ui-debug.log {"metadata":{"emulator":{"name":"ui"},"message":"Emulator UI logging to \u001b[1mui-debug.log\u001b[22m"}}
[debug] [2020-09-23T16:41:52.547Z] Web / API server started at http://localhost:4000
 {"metadata":{"emulator":{"name":"ui"},"message":"Web / API server started at http://localhost:4000\n"}}
[info] i  functions: Watching "/home/paulokello/Documents/Projects/e-commerce/E-commerce/functions" for Cloud Functions... {"metadata":{"emulator":{"name":"functions"},"message":"Watching \"/home/paulokello/Documents/Projects/e-commerce/E-commerce/functions\" for Cloud Functions..."}}
[debug] [2020-09-23T16:41:52.603Z] [worker-pool] addWorker(~diagnostic~) {"metadata":{"emulator":{"name":"functions"},"message":"[worker-pool] addWorker(~diagnostic~)"}}
[debug] [2020-09-23T16:41:52.604Z] [worker-pool] Adding worker with key ~diagnostic~, total=1 {"metadata":{"emulator":{"name":"functions"},"message":"[worker-pool] Adding worker with key ~diagnostic~, total=1"}}
[debug] [2020-09-23T16:41:52.605Z] [worker-pool] submitWork(triggerId=) {"metadata":{"emulator":{"name":"functions"},"message":"[worker-pool] submitWork(triggerId=)"}}
[debug] [2020-09-23T16:41:52.607Z] [worker-~diagnostic~-1907b9ee-2f7d-4aad-aa37-361dd8053294]: Assigning socketPath: /tmp/fire_emu_2656.sock {"metadata":{"emulator":{"name":"functions"},"message":"[worker-~diagnostic~-1907b9ee-2f7d-4aad-aa37-361dd8053294]: Assigning socketPath: /tmp/fire_emu_2656.sock"}}
[debug] [2020-09-23T16:41:52.609Z] [worker-~diagnostic~-1907b9ee-2f7d-4aad-aa37-361dd8053294]: BUSY {"metadata":{"emulator":{"name":"functions"},"message":"[worker-~diagnostic~-1907b9ee-2f7d-4aad-aa37-361dd8053294]: BUSY"}}
[debug] [2020-09-23T16:41:53.075Z] [runtime-status] [2656] Functions runtime initialized. {"cwd":"/home/paulokello/Documents/Projects/e-commerce/E-commerce/functions","node_version":"12.18.4"} {"metadata":{"emulator":{"name":"functions"},"message":"[runtime-status] [2656] Functions runtime initialized. {\"cwd\":\"/home/paulokello/Documents/Projects/e-commerce/E-commerce/functions\",\"node_version\":\"12.18.4\"}"}}
[debug] [2020-09-23T16:41:53.079Z] [runtime-status] [2656] Disabled runtime features: undefined {"metadata":{"emulator":{"name":"functions"},"message":"[runtime-status] [2656] Disabled runtime features: undefined"}}
[debug] [2020-09-23T16:41:53.083Z] [runtime-status] [2656] Resolved module firebase-admin {"declared":true,"installed":true,"version":"8.13.0","resolution":"/home/paulokello/Documents/Projects/e-commerce/E-commerce/functions/node_modules/firebase-admin/lib/index.js"} {"metadata":{"emulator":{"name":"functions"},"message":"[runtime-status] [2656] Resolved module firebase-admin {\"declared\":true,\"installed\":true,\"version\":\"8.13.0\",\"resolution\":\"/home/paulokello/Documents/Projects/e-commerce/E-commerce/functions/node_modules/firebase-admin/lib/index.js\"}"}}
[debug] [2020-09-23T16:41:53.088Z] [runtime-status] [2656] Resolved module firebase-functions {"declared":true,"installed":true,"version":"3.11.0","resolution":"/home/paulokello/Documents/Projects/e-commerce/E-commerce/functions/node_modules/firebase-functions/lib/index.js"} {"metadata":{"emulator":{"name":"functions"},"message":"[runtime-status] [2656] Resolved module firebase-functions {\"declared\":true,\"installed\":true,\"version\":\"3.11.0\",\"resolution\":\"/home/paulokello/Documents/Projects/e-commerce/E-commerce/functions/node_modules/firebase-functions/lib/index.js\"}"}}
[debug] [2020-09-23T16:41:53.090Z] [runtime-status] [2656] Resolved module firebase-functions {"declared":true,"installed":true,"version":"3.11.0","resolution":"/home/paulokello/Documents/Projects/e-commerce/E-commerce/functions/node_modules/firebase-functions/lib/index.js"} {"metadata":{"emulator":{"name":"functions"},"message":"[runtime-status] [2656] Resolved module firebase-functions {\"declared\":true,\"installed\":true,\"version\":\"3.11.0\",\"resolution\":\"/home/paulokello/Documents/Projects/e-commerce/E-commerce/functions/node_modules/firebase-functions/lib/index.js\"}"}}
[debug] [2020-09-23T16:41:53.094Z] [runtime-status] [2656] Outgoing network have been stubbed. [{"name":"http","status":"mocked"},{"name":"http","status":"mocked"},{"name":"https","status":"mocked"},{"name":"https","status":"mocked"},{"name":"net","status":"mocked"}] {"metadata":{"emulator":{"name":"functions"},"message":"[runtime-status] [2656] Outgoing network have been stubbed. [{\"name\":\"http\",\"status\":\"mocked\"},{\"name\":\"http\",\"status\":\"mocked\"},{\"name\":\"https\",\"status\":\"mocked\"},{\"name\":\"https\",\"status\":\"mocked\"},{\"name\":\"net\",\"status\":\"mocked\"}]"}}
[debug] [2020-09-23T16:41:53.097Z] [runtime-status] [2656] Resolved module firebase-functions {"declared":true,"installed":true,"version":"3.11.0","resolution":"/home/paulokello/Documents/Projects/e-commerce/E-commerce/functions/node_modules/firebase-functions/lib/index.js"} {"metadata":{"emulator":{"name":"functions"},"message":"[runtime-status] [2656] Resolved module firebase-functions {\"declared\":true,\"installed\":true,\"version\":\"3.11.0\",\"resolution\":\"/home/paulokello/Documents/Projects/e-commerce/E-commerce/functions/node_modules/firebase-functions/lib/index.js\"}"}}
[debug] [2020-09-23T16:41:53.159Z] [runtime-status] [2656] Checked functions.config() {"config":{}} {"metadata":{"emulator":{"name":"functions"},"message":"[runtime-status] [2656] Checked functions.config() {\"config\":{}}"}}
[debug] [2020-09-23T16:41:53.159Z] [runtime-status] [2656] firebase-functions has been stubbed. {"functionsResolution":{"declared":true,"installed":true,"version":"3.11.0","resolution":"/home/paulokello/Documents/Projects/e-commerce/E-commerce/functions/node_modules/firebase-functions/lib/index.js"}} {"metadata":{"emulator":{"name":"functions"},"message":"[runtime-status] [2656] firebase-functions has been stubbed. {\"functionsResolution\":{\"declared\":true,\"installed\":true,\"version\":\"3.11.0\",\"resolution\":\"/home/paulokello/Documents/Projects/e-commerce/E-commerce/functions/node_modules/firebase-functions/lib/index.js\"}}"}}
[debug] [2020-09-23T16:41:53.161Z] [runtime-status] [2656] Resolved module firebase-functions {"declared":true,"installed":true,"version":"3.11.0","resolution":"/home/paulokello/Documents/Projects/e-commerce/E-commerce/functions/node_modules/firebase-functions/lib/index.js"} {"metadata":{"emulator":{"name":"functions"},"message":"[runtime-status] [2656] Resolved module firebase-functions {\"declared\":true,\"installed\":true,\"version\":\"3.11.0\",\"resolution\":\"/home/paulokello/Documents/Projects/e-commerce/E-commerce/functions/node_modules/firebase-functions/lib/index.js\"}"}}
[debug] [2020-09-23T16:41:53.163Z] [runtime-status] [2656] Resolved module firebase-admin {"declared":true,"installed":true,"version":"8.13.0","resolution":"/home/paulokello/Documents/Projects/e-commerce/E-commerce/functions/node_modules/firebase-admin/lib/index.js"} {"metadata":{"emulator":{"name":"functions"},"message":"[runtime-status] [2656] Resolved module firebase-admin {\"declared\":true,\"installed\":true,\"version\":\"8.13.0\",\"resolution\":\"/home/paulokello/Documents/Projects/e-commerce/E-commerce/functions/node_modules/firebase-admin/lib/index.js\"}"}}
[debug] [2020-09-23T16:41:53.165Z] [runtime-status] [2656] Resolved module firebase-functions {"declared":true,"installed":true,"version":"3.11.0","resolution":"/home/paulokello/Documents/Projects/e-commerce/E-commerce/functions/node_modules/firebase-functions/lib/index.js"} {"metadata":{"emulator":{"name":"functions"},"message":"[runtime-status] [2656] Resolved module firebase-functions {\"declared\":true,\"installed\":true,\"version\":\"3.11.0\",\"resolution\":\"/home/paulokello/Documents/Projects/e-commerce/E-commerce/functions/node_modules/firebase-functions/lib/index.js\"}"}}
[debug] [2020-09-23T16:41:53.166Z] [runtime-status] [2656] firebase-admin has been stubbed. {"adminResolution":{"declared":true,"installed":true,"version":"8.13.0","resolution":"/home/paulokello/Documents/Projects/e-commerce/E-commerce/functions/node_modules/firebase-admin/lib/index.js"}} {"metadata":{"emulator":{"name":"functions"},"message":"[runtime-status] [2656] firebase-admin has been stubbed. {\"adminResolution\":{\"declared\":true,\"installed\":true,\"version\":\"8.13.0\",\"resolution\":\"/home/paulokello/Documents/Projects/e-commerce/E-commerce/functions/node_modules/firebase-admin/lib/index.js\"}}"}}
[info] ✔  functions[api]: http function initialized (http://localhost:5001/e-commerce-26858/us-central1/api). {"metadata":{"emulator":{"name":"functions"},"message":"\u001b[1mhttp\u001b[22m function initialized (http://localhost:5001/e-commerce-26858/us-central1/api)."}}
[info] 
┌───────────────────────────────────────────────────────────────────────┐
│ ✔  All emulators ready! View status and logs at http://localhost:4000 │
└───────────────────────────────────────────────────────────────────────┘

┌───────────┬────────────────┬─────────────────────────────────┐
│ Emulator  │ Host:Port      │ View in Emulator UI             │
├───────────┼────────────────┼─────────────────────────────────┤
│ Functions │ localhost:5001 │ http://localhost:4000/functions │
└───────────┴────────────────┴─────────────────────────────────┘
  Other reserved ports: 4400, 4500

Issues? Report them at https://github.com/firebase/firebase-tools/issues and attach the *-debug.log files.
 
[debug] [2020-09-23T16:41:53.373Z] [worker-~diagnostic~-1907b9ee-2f7d-4aad-aa37-361dd8053294]: IDLE {"metadata":{"emulator":{"name":"functions"},"message":"[worker-~diagnostic~-1907b9ee-2f7d-4aad-aa37-361dd8053294]: IDLE"}}
